package configuration for openssl is not found
have_library: checking for main() in -lssl... -------------------- yes

"gcc -o conftest -I/home/deploy/.rbenv/versions/2.2.1/include/ruby-2.2.0/x86_64-linux -I/home/deploy/.rbenv/versions/2.2.1/include/ruby-2.2.0/ruby/backward -I/home/deploy/.rbenv/versions/2.2.1/include/ruby-2.2.0 -I. -I/home/deploy/.rbenv/versions/2.2.1/include     -O3 -fno-fast-math -ggdb3 -Wall -Wextra -Wno-unused-parameter -Wno-parentheses -Wno-long-long -Wno-missing-field-initializers -Wunused-variable -Wpointer-arith -Wwrite-strings -Wdeclaration-after-statement -Wimplicit-function-declaration -Wdeprecated-declarations -Wno-packed-bitfield-compat conftest.c  -L. -L/home/deploy/.rbenv/versions/2.2.1/lib -Wl,-R/home/deploy/.rbenv/versions/2.2.1/lib -L. -L/home/deploy/.rbenv/versions/2.2.1/lib  -fstack-protector -rdynamic -Wl,-export-dynamic     -Wl,-R/home/deploy/.rbenv/versions/2.2.1/lib -L/home/deploy/.rbenv/versions/2.2.1/lib -lruby-static  -lpthread -ldl -lcrypt -lm   -lc"
checked program was:
/* begin */
1: #include "ruby.h"
2: 
3: int main(int argc, char **argv)
4: {
5:   return 0;
6: }
/* end */

"gcc -o conftest -I/home/deploy/.rbenv/versions/2.2.1/include/ruby-2.2.0/x86_64-linux -I/home/deploy/.rbenv/versions/2.2.1/include/ruby-2.2.0/ruby/backward -I/home/deploy/.rbenv/versions/2.2.1/include/ruby-2.2.0 -I. -I/home/deploy/.rbenv/versions/2.2.1/include     -O3 -fno-fast-math -ggdb3 -Wall -Wextra -Wno-unused-parameter -Wno-parentheses -Wno-long-long -Wno-missing-field-initializers -Wunused-variable -Wpointer-arith -Wwrite-strings -Wdeclaration-after-statement -Wimplicit-function-declaration -Wdeprecated-declarations -Wno-packed-bitfield-compat conftest.c  -L. -L/home/deploy/.rbenv/versions/2.2.1/lib -Wl,-R/home/deploy/.rbenv/versions/2.2.1/lib -L. -L/home/deploy/.rbenv/versions/2.2.1/lib  -fstack-protector -rdynamic -Wl,-export-dynamic     -Wl,-R/home/deploy/.rbenv/versions/2.2.1/lib -L/home/deploy/.rbenv/versions/2.2.1/lib -lruby-static  -lssl -lpthread -ldl -lcrypt -lm   -lc"
conftest.c: In function ‘t’:
conftest.c:13:32: warning: variable ‘p’ set but not used [-Wunused-but-set-variable]
 int t(void) { void ((*volatile p)()); p = (void ((*)()))main; return 0; }
                                ^
checked program was:
/* begin */
 1: #include "ruby.h"
 2: 
 3: /*top*/
 4: extern int t(void);
 5: int main(int argc, char **argv)
 6: {
 7:   if (argc > 1000000) {
 8:     printf("%p", &t);
 9:   }
10: 
11:   return 0;
12: }
13: int t(void) { void ((*volatile p)()); p = (void ((*)()))main; return 0; }
/* end */

--------------------

have_library: checking for main() in -lcrypto... -------------------- yes

"gcc -o conftest -I/home/deploy/.rbenv/versions/2.2.1/include/ruby-2.2.0/x86_64-linux -I/home/deploy/.rbenv/versions/2.2.1/include/ruby-2.2.0/ruby/backward -I/home/deploy/.rbenv/versions/2.2.1/include/ruby-2.2.0 -I. -I/home/deploy/.rbenv/versions/2.2.1/include     -O3 -fno-fast-math -ggdb3 -Wall -Wextra -Wno-unused-parameter -Wno-parentheses -Wno-long-long -Wno-missing-field-initializers -Wunused-variable -Wpointer-arith -Wwrite-strings -Wdeclaration-after-statement -Wimplicit-function-declaration -Wdeprecated-declarations -Wno-packed-bitfield-compat conftest.c  -L. -L/home/deploy/.rbenv/versions/2.2.1/lib -Wl,-R/home/deploy/.rbenv/versions/2.2.1/lib -L. -L/home/deploy/.rbenv/versions/2.2.1/lib  -fstack-protector -rdynamic -Wl,-export-dynamic     -lssl -Wl,-R/home/deploy/.rbenv/versions/2.2.1/lib -L/home/deploy/.rbenv/versions/2.2.1/lib -lruby-static  -lssl -lcrypto -lpthread -ldl -lcrypt -lm   -lc"
conftest.c: In function ‘t’:
conftest.c:13:32: warning: variable ‘p’ set but not used [-Wunused-but-set-variable]
 int t(void) { void ((*volatile p)()); p = (void ((*)()))main; return 0; }
                                ^
checked program was:
/* begin */
 1: #include "ruby.h"
 2: 
 3: /*top*/
 4: extern int t(void);
 5: int main(int argc, char **argv)
 6: {
 7:   if (argc > 1000000) {
 8:     printf("%p", &t);
 9:   }
10: 
11:   return 0;
12: }
13: int t(void) { void ((*volatile p)()); p = (void ((*)()))main; return 0; }
/* end */

--------------------

have_header: checking for openssl/ssl.h... -------------------- yes

"gcc -E -I/home/deploy/.rbenv/versions/2.2.1/include/ruby-2.2.0/x86_64-linux -I/home/deploy/.rbenv/versions/2.2.1/include/ruby-2.2.0/ruby/backward -I/home/deploy/.rbenv/versions/2.2.1/include/ruby-2.2.0 -I. -I/home/deploy/.rbenv/versions/2.2.1/include     -O3 -fno-fast-math -ggdb3 -Wall -Wextra -Wno-unused-parameter -Wno-parentheses -Wno-long-long -Wno-missing-field-initializers -Wunused-variable -Wpointer-arith -Wwrite-strings -Wdeclaration-after-statement -Wimplicit-function-declaration -Wdeprecated-declarations -Wno-packed-bitfield-compat  conftest.c -o conftest.i"
checked program was:
/* begin */
1: #include "ruby.h"
2: 
3: #include <openssl/ssl.h>
/* end */

--------------------

have_header: checking for openssl/err.h... -------------------- yes

"gcc -E -I/home/deploy/.rbenv/versions/2.2.1/include/ruby-2.2.0/x86_64-linux -I/home/deploy/.rbenv/versions/2.2.1/include/ruby-2.2.0/ruby/backward -I/home/deploy/.rbenv/versions/2.2.1/include/ruby-2.2.0 -I. -I/home/deploy/.rbenv/versions/2.2.1/include     -O3 -fno-fast-math -ggdb3 -Wall -Wextra -Wno-unused-parameter -Wno-parentheses -Wno-long-long -Wno-missing-field-initializers -Wunused-variable -Wpointer-arith -Wwrite-strings -Wdeclaration-after-statement -Wimplicit-function-declaration -Wdeprecated-declarations -Wno-packed-bitfield-compat  conftest.c -o conftest.i"
checked program was:
/* begin */
1: #include "ruby.h"
2: 
3: #include <openssl/err.h>
/* end */

--------------------

have_var: checking for rb_trap_immediate in ruby.h,rubysig.h... -------------------- no

"gcc -I/home/deploy/.rbenv/versions/2.2.1/include/ruby-2.2.0/x86_64-linux -I/home/deploy/.rbenv/versions/2.2.1/include/ruby-2.2.0/ruby/backward -I/home/deploy/.rbenv/versions/2.2.1/include/ruby-2.2.0 -I. -I/home/deploy/.rbenv/versions/2.2.1/include     -O3 -fno-fast-math -ggdb3 -Wall -Wextra -Wno-unused-parameter -Wno-parentheses -Wno-long-long -Wno-missing-field-initializers -Wunused-variable -Wpointer-arith -Wwrite-strings -Wdeclaration-after-statement -Wimplicit-function-declaration -Wdeprecated-declarations -Wno-packed-bitfield-compat   -c conftest.c"
In file included from conftest.c:4:0:
/home/deploy/.rbenv/versions/2.2.1/include/ruby-2.2.0/ruby/backward/rubysig.h:14:2: warning: #warning rubysig.h is obsolete [-Wcpp]
 #warning rubysig.h is obsolete
  ^
conftest.c: In function ‘t’:
conftest.c:16:55: error: ‘rb_trap_immediate’ undeclared (first use in this function)
 int t(void) { const volatile void *volatile p; p = &(&rb_trap_immediate)[0]; return 0; }
                                                       ^
conftest.c:16:55: note: each undeclared identifier is reported only once for each function it appears in
conftest.c:16:45: warning: variable ‘p’ set but not used [-Wunused-but-set-variable]
 int t(void) { const volatile void *volatile p; p = &(&rb_trap_immediate)[0]; return 0; }
                                             ^
checked program was:
/* begin */
 1: #include "ruby.h"
 2: 
 3: #include <ruby.h>
 4: #include <rubysig.h>
 5: 
 6: /*top*/
 7: extern int t(void);
 8: int main(int argc, char **argv)
 9: {
10:   if (argc > 1000000) {
11:     printf("%p", &t);
12:   }
13: 
14:   return 0;
15: }
16: int t(void) { const volatile void *volatile p; p = &(&rb_trap_immediate)[0]; return 0; }
/* end */

--------------------

have_func: checking for rb_thread_blocking_region()... -------------------- no

"gcc -o conftest -I/home/deploy/.rbenv/versions/2.2.1/include/ruby-2.2.0/x86_64-linux -I/home/deploy/.rbenv/versions/2.2.1/include/ruby-2.2.0/ruby/backward -I/home/deploy/.rbenv/versions/2.2.1/include/ruby-2.2.0 -I. -I/home/deploy/.rbenv/versions/2.2.1/include     -O3 -fno-fast-math -ggdb3 -Wall -Wextra -Wno-unused-parameter -Wno-parentheses -Wno-long-long -Wno-missing-field-initializers -Wunused-variable -Wpointer-arith -Wwrite-strings -Wdeclaration-after-statement -Wimplicit-function-declaration -Wdeprecated-declarations -Wno-packed-bitfield-compat conftest.c  -L. -L/home/deploy/.rbenv/versions/2.2.1/lib -Wl,-R/home/deploy/.rbenv/versions/2.2.1/lib -L. -L/home/deploy/.rbenv/versions/2.2.1/lib  -fstack-protector -rdynamic -Wl,-export-dynamic     -lssl -lcrypto -Wl,-R/home/deploy/.rbenv/versions/2.2.1/lib -L/home/deploy/.rbenv/versions/2.2.1/lib -lruby-static  -lssl -lcrypto -lpthread -ldl -lcrypt -lm   -lc"
conftest.c: In function ‘t’:
conftest.c:13:57: error: ‘rb_thread_blocking_region’ undeclared (first use in this function)
 int t(void) { void ((*volatile p)()); p = (void ((*)()))rb_thread_blocking_region; return 0; }
                                                         ^
conftest.c:13:57: note: each undeclared identifier is reported only once for each function it appears in
conftest.c:13:32: warning: variable ‘p’ set but not used [-Wunused-but-set-variable]
 int t(void) { void ((*volatile p)()); p = (void ((*)()))rb_thread_blocking_region; return 0; }
                                ^
checked program was:
/* begin */
 1: #include "ruby.h"
 2: 
 3: /*top*/
 4: extern int t(void);
 5: int main(int argc, char **argv)
 6: {
 7:   if (argc > 1000000) {
 8:     printf("%p", &t);
 9:   }
10: 
11:   return 0;
12: }
13: int t(void) { void ((*volatile p)()); p = (void ((*)()))rb_thread_blocking_region; return 0; }
/* end */

"gcc -o conftest -I/home/deploy/.rbenv/versions/2.2.1/include/ruby-2.2.0/x86_64-linux -I/home/deploy/.rbenv/versions/2.2.1/include/ruby-2.2.0/ruby/backward -I/home/deploy/.rbenv/versions/2.2.1/include/ruby-2.2.0 -I. -I/home/deploy/.rbenv/versions/2.2.1/include     -O3 -fno-fast-math -ggdb3 -Wall -Wextra -Wno-unused-parameter -Wno-parentheses -Wno-long-long -Wno-missing-field-initializers -Wunused-variable -Wpointer-arith -Wwrite-strings -Wdeclaration-after-statement -Wimplicit-function-declaration -Wdeprecated-declarations -Wno-packed-bitfield-compat conftest.c  -L. -L/home/deploy/.rbenv/versions/2.2.1/lib -Wl,-R/home/deploy/.rbenv/versions/2.2.1/lib -L. -L/home/deploy/.rbenv/versions/2.2.1/lib  -fstack-protector -rdynamic -Wl,-export-dynamic     -lssl -lcrypto -Wl,-R/home/deploy/.rbenv/versions/2.2.1/lib -L/home/deploy/.rbenv/versions/2.2.1/lib -lruby-static  -lssl -lcrypto -lpthread -ldl -lcrypt -lm   -lc"
conftest.c: In function ‘t’:
conftest.c:13:15: warning: implicit declaration of function ‘rb_thread_blocking_region’ [-Wimplicit-function-declaration]
 int t(void) { rb_thread_blocking_region(); return 0; }
               ^
/tmp/ccJvv67X.o: In function `t':
/home/deploy/peatio/current/vendor/bundle/ruby/2.2.0/gems/eventmachine-1.0.4/ext/conftest.c:13: undefined reference to `rb_thread_blocking_region'
collect2: error: ld returned 1 exit status
checked program was:
/* begin */
 1: #include "ruby.h"
 2: 
 3: /*top*/
 4: extern int t(void);
 5: int main(int argc, char **argv)
 6: {
 7:   if (argc > 1000000) {
 8:     printf("%p", &t);
 9:   }
10: 
11:   return 0;
12: }
13: int t(void) { rb_thread_blocking_region(); return 0; }
/* end */

--------------------

have_header: checking for ruby/thread.h... -------------------- yes

"gcc -E -I/home/deploy/.rbenv/versions/2.2.1/include/ruby-2.2.0/x86_64-linux -I/home/deploy/.rbenv/versions/2.2.1/include/ruby-2.2.0/ruby/backward -I/home/deploy/.rbenv/versions/2.2.1/include/ruby-2.2.0 -I. -I/home/deploy/.rbenv/versions/2.2.1/include     -O3 -fno-fast-math -ggdb3 -Wall -Wextra -Wno-unused-parameter -Wno-parentheses -Wno-long-long -Wno-missing-field-initializers -Wunused-variable -Wpointer-arith -Wwrite-strings -Wdeclaration-after-statement -Wimplicit-function-declaration -Wdeprecated-declarations -Wno-packed-bitfield-compat  conftest.c -o conftest.i"
checked program was:
/* begin */
1: #include "ruby.h"
2: 
3: #include <ruby/thread.h>
/* end */

--------------------

have_func: checking for rb_thread_call_without_gvl() in ruby/thread.h... -------------------- yes

"gcc -o conftest -I/home/deploy/.rbenv/versions/2.2.1/include/ruby-2.2.0/x86_64-linux -I/home/deploy/.rbenv/versions/2.2.1/include/ruby-2.2.0/ruby/backward -I/home/deploy/.rbenv/versions/2.2.1/include/ruby-2.2.0 -I. -I/home/deploy/.rbenv/versions/2.2.1/include     -O3 -fno-fast-math -ggdb3 -Wall -Wextra -Wno-unused-parameter -Wno-parentheses -Wno-long-long -Wno-missing-field-initializers -Wunused-variable -Wpointer-arith -Wwrite-strings -Wdeclaration-after-statement -Wimplicit-function-declaration -Wdeprecated-declarations -Wno-packed-bitfield-compat conftest.c  -L. -L/home/deploy/.rbenv/versions/2.2.1/lib -Wl,-R/home/deploy/.rbenv/versions/2.2.1/lib -L. -L/home/deploy/.rbenv/versions/2.2.1/lib  -fstack-protector -rdynamic -Wl,-export-dynamic     -lssl -lcrypto -Wl,-R/home/deploy/.rbenv/versions/2.2.1/lib -L/home/deploy/.rbenv/versions/2.2.1/lib -lruby-static  -lssl -lcrypto -lpthread -ldl -lcrypt -lm   -lc"
conftest.c: In function ‘t’:
conftest.c:15:32: warning: variable ‘p’ set but not used [-Wunused-but-set-variable]
 int t(void) { void ((*volatile p)()); p = (void ((*)()))rb_thread_call_without_gvl; return 0; }
                                ^
checked program was:
/* begin */
 1: #include "ruby.h"
 2: 
 3: #include <ruby/thread.h>
 4: 
 5: /*top*/
 6: extern int t(void);
 7: int main(int argc, char **argv)
 8: {
 9:   if (argc > 1000000) {
10:     printf("%p", &t);
11:   }
12: 
13:   return 0;
14: }
15: int t(void) { void ((*volatile p)()); p = (void ((*)()))rb_thread_call_without_gvl; return 0; }
/* end */

--------------------

have_func: checking for inotify_init() in sys/inotify.h... -------------------- yes

"gcc -o conftest -I/home/deploy/.rbenv/versions/2.2.1/include/ruby-2.2.0/x86_64-linux -I/home/deploy/.rbenv/versions/2.2.1/include/ruby-2.2.0/ruby/backward -I/home/deploy/.rbenv/versions/2.2.1/include/ruby-2.2.0 -I. -I/home/deploy/.rbenv/versions/2.2.1/include     -O3 -fno-fast-math -ggdb3 -Wall -Wextra -Wno-unused-parameter -Wno-parentheses -Wno-long-long -Wno-missing-field-initializers -Wunused-variable -Wpointer-arith -Wwrite-strings -Wdeclaration-after-statement -Wimplicit-function-declaration -Wdeprecated-declarations -Wno-packed-bitfield-compat conftest.c  -L. -L/home/deploy/.rbenv/versions/2.2.1/lib -Wl,-R/home/deploy/.rbenv/versions/2.2.1/lib -L. -L/home/deploy/.rbenv/versions/2.2.1/lib  -fstack-protector -rdynamic -Wl,-export-dynamic     -lssl -lcrypto -Wl,-R/home/deploy/.rbenv/versions/2.2.1/lib -L/home/deploy/.rbenv/versions/2.2.1/lib -lruby-static  -lssl -lcrypto -lpthread -ldl -lcrypt -lm   -lc"
conftest.c: In function ‘t’:
conftest.c:15:32: warning: variable ‘p’ set but not used [-Wunused-but-set-variable]
 int t(void) { void ((*volatile p)()); p = (void ((*)()))inotify_init; return 0; }
                                ^
checked program was:
/* begin */
 1: #include "ruby.h"
 2: 
 3: #include <sys/inotify.h>
 4: 
 5: /*top*/
 6: extern int t(void);
 7: int main(int argc, char **argv)
 8: {
 9:   if (argc > 1000000) {
10:     printf("%p", &t);
11:   }
12: 
13:   return 0;
14: }
15: int t(void) { void ((*volatile p)()); p = (void ((*)()))inotify_init; return 0; }
/* end */

--------------------

have_func: checking for writev() in sys/uio.h... -------------------- yes

"gcc -o conftest -I/home/deploy/.rbenv/versions/2.2.1/include/ruby-2.2.0/x86_64-linux -I/home/deploy/.rbenv/versions/2.2.1/include/ruby-2.2.0/ruby/backward -I/home/deploy/.rbenv/versions/2.2.1/include/ruby-2.2.0 -I. -I/home/deploy/.rbenv/versions/2.2.1/include     -O3 -fno-fast-math -ggdb3 -Wall -Wextra -Wno-unused-parameter -Wno-parentheses -Wno-long-long -Wno-missing-field-initializers -Wunused-variable -Wpointer-arith -Wwrite-strings -Wdeclaration-after-statement -Wimplicit-function-declaration -Wdeprecated-declarations -Wno-packed-bitfield-compat conftest.c  -L. -L/home/deploy/.rbenv/versions/2.2.1/lib -Wl,-R/home/deploy/.rbenv/versions/2.2.1/lib -L. -L/home/deploy/.rbenv/versions/2.2.1/lib  -fstack-protector -rdynamic -Wl,-export-dynamic     -lssl -lcrypto -Wl,-R/home/deploy/.rbenv/versions/2.2.1/lib -L/home/deploy/.rbenv/versions/2.2.1/lib -lruby-static  -lssl -lcrypto -lpthread -ldl -lcrypt -lm   -lc"
conftest.c: In function ‘t’:
conftest.c:15:32: warning: variable ‘p’ set but not used [-Wunused-but-set-variable]
 int t(void) { void ((*volatile p)()); p = (void ((*)()))writev; return 0; }
                                ^
checked program was:
/* begin */
 1: #include "ruby.h"
 2: 
 3: #include <sys/uio.h>
 4: 
 5: /*top*/
 6: extern int t(void);
 7: int main(int argc, char **argv)
 8: {
 9:   if (argc > 1000000) {
10:     printf("%p", &t);
11:   }
12: 
13:   return 0;
14: }
15: int t(void) { void ((*volatile p)()); p = (void ((*)()))writev; return 0; }
/* end */

--------------------

have_func: checking for rb_thread_fd_select()... -------------------- yes

"gcc -o conftest -I/home/deploy/.rbenv/versions/2.2.1/include/ruby-2.2.0/x86_64-linux -I/home/deploy/.rbenv/versions/2.2.1/include/ruby-2.2.0/ruby/backward -I/home/deploy/.rbenv/versions/2.2.1/include/ruby-2.2.0 -I. -I/home/deploy/.rbenv/versions/2.2.1/include     -O3 -fno-fast-math -ggdb3 -Wall -Wextra -Wno-unused-parameter -Wno-parentheses -Wno-long-long -Wno-missing-field-initializers -Wunused-variable -Wpointer-arith -Wwrite-strings -Wdeclaration-after-statement -Wimplicit-function-declaration -Wdeprecated-declarations -Wno-packed-bitfield-compat conftest.c  -L. -L/home/deploy/.rbenv/versions/2.2.1/lib -Wl,-R/home/deploy/.rbenv/versions/2.2.1/lib -L. -L/home/deploy/.rbenv/versions/2.2.1/lib  -fstack-protector -rdynamic -Wl,-export-dynamic     -lssl -lcrypto -Wl,-R/home/deploy/.rbenv/versions/2.2.1/lib -L/home/deploy/.rbenv/versions/2.2.1/lib -lruby-static  -lssl -lcrypto -lpthread -ldl -lcrypt -lm   -lc"
conftest.c: In function ‘t’:
conftest.c:13:32: warning: variable ‘p’ set but not used [-Wunused-but-set-variable]
 int t(void) { void ((*volatile p)()); p = (void ((*)()))rb_thread_fd_select; return 0; }
                                ^
checked program was:
/* begin */
 1: #include "ruby.h"
 2: 
 3: /*top*/
 4: extern int t(void);
 5: int main(int argc, char **argv)
 6: {
 7:   if (argc > 1000000) {
 8:     printf("%p", &t);
 9:   }
10: 
11:   return 0;
12: }
13: int t(void) { void ((*volatile p)()); p = (void ((*)()))rb_thread_fd_select; return 0; }
/* end */

--------------------

have_func: checking for rb_wait_for_single_fd()... -------------------- yes

"gcc -o conftest -I/home/deploy/.rbenv/versions/2.2.1/include/ruby-2.2.0/x86_64-linux -I/home/deploy/.rbenv/versions/2.2.1/include/ruby-2.2.0/ruby/backward -I/home/deploy/.rbenv/versions/2.2.1/include/ruby-2.2.0 -I. -I/home/deploy/.rbenv/versions/2.2.1/include     -O3 -fno-fast-math -ggdb3 -Wall -Wextra -Wno-unused-parameter -Wno-parentheses -Wno-long-long -Wno-missing-field-initializers -Wunused-variable -Wpointer-arith -Wwrite-strings -Wdeclaration-after-statement -Wimplicit-function-declaration -Wdeprecated-declarations -Wno-packed-bitfield-compat conftest.c  -L. -L/home/deploy/.rbenv/versions/2.2.1/lib -Wl,-R/home/deploy/.rbenv/versions/2.2.1/lib -L. -L/home/deploy/.rbenv/versions/2.2.1/lib  -fstack-protector -rdynamic -Wl,-export-dynamic     -lssl -lcrypto -Wl,-R/home/deploy/.rbenv/versions/2.2.1/lib -L/home/deploy/.rbenv/versions/2.2.1/lib -lruby-static  -lssl -lcrypto -lpthread -ldl -lcrypt -lm   -lc"
conftest.c: In function ‘t’:
conftest.c:13:57: error: ‘rb_wait_for_single_fd’ undeclared (first use in this function)
 int t(void) { void ((*volatile p)()); p = (void ((*)()))rb_wait_for_single_fd; return 0; }
                                                         ^
conftest.c:13:57: note: each undeclared identifier is reported only once for each function it appears in
conftest.c:13:32: warning: variable ‘p’ set but not used [-Wunused-but-set-variable]
 int t(void) { void ((*volatile p)()); p = (void ((*)()))rb_wait_for_single_fd; return 0; }
                                ^
checked program was:
/* begin */
 1: #include "ruby.h"
 2: 
 3: /*top*/
 4: extern int t(void);
 5: int main(int argc, char **argv)
 6: {
 7:   if (argc > 1000000) {
 8:     printf("%p", &t);
 9:   }
10: 
11:   return 0;
12: }
13: int t(void) { void ((*volatile p)()); p = (void ((*)()))rb_wait_for_single_fd; return 0; }
/* end */

"gcc -o conftest -I/home/deploy/.rbenv/versions/2.2.1/include/ruby-2.2.0/x86_64-linux -I/home/deploy/.rbenv/versions/2.2.1/include/ruby-2.2.0/ruby/backward -I/home/deploy/.rbenv/versions/2.2.1/include/ruby-2.2.0 -I. -I/home/deploy/.rbenv/versions/2.2.1/include     -O3 -fno-fast-math -ggdb3 -Wall -Wextra -Wno-unused-parameter -Wno-parentheses -Wno-long-long -Wno-missing-field-initializers -Wunused-variable -Wpointer-arith -Wwrite-strings -Wdeclaration-after-statement -Wimplicit-function-declaration -Wdeprecated-declarations -Wno-packed-bitfield-compat conftest.c  -L. -L/home/deploy/.rbenv/versions/2.2.1/lib -Wl,-R/home/deploy/.rbenv/versions/2.2.1/lib -L. -L/home/deploy/.rbenv/versions/2.2.1/lib  -fstack-protector -rdynamic -Wl,-export-dynamic     -lssl -lcrypto -Wl,-R/home/deploy/.rbenv/versions/2.2.1/lib -L/home/deploy/.rbenv/versions/2.2.1/lib -lruby-static  -lssl -lcrypto -lpthread -ldl -lcrypt -lm   -lc"
conftest.c: In function ‘t’:
conftest.c:13:15: warning: implicit declaration of function ‘rb_wait_for_single_fd’ [-Wimplicit-function-declaration]
 int t(void) { rb_wait_for_single_fd(); return 0; }
               ^
checked program was:
/* begin */
 1: #include "ruby.h"
 2: 
 3: /*top*/
 4: extern int t(void);
 5: int main(int argc, char **argv)
 6: {
 7:   if (argc > 1000000) {
 8:     printf("%p", &t);
 9:   }
10: 
11:   return 0;
12: }
13: int t(void) { rb_wait_for_single_fd(); return 0; }
/* end */

--------------------

have_func: checking for rb_enable_interrupt()... -------------------- no

"gcc -o conftest -I/home/deploy/.rbenv/versions/2.2.1/include/ruby-2.2.0/x86_64-linux -I/home/deploy/.rbenv/versions/2.2.1/include/ruby-2.2.0/ruby/backward -I/home/deploy/.rbenv/versions/2.2.1/include/ruby-2.2.0 -I. -I/home/deploy/.rbenv/versions/2.2.1/include     -O3 -fno-fast-math -ggdb3 -Wall -Wextra -Wno-unused-parameter -Wno-parentheses -Wno-long-long -Wno-missing-field-initializers -Wunused-variable -Wpointer-arith -Wwrite-strings -Wdeclaration-after-statement -Wimplicit-function-declaration -Wdeprecated-declarations -Wno-packed-bitfield-compat conftest.c  -L. -L/home/deploy/.rbenv/versions/2.2.1/lib -Wl,-R/home/deploy/.rbenv/versions/2.2.1/lib -L. -L/home/deploy/.rbenv/versions/2.2.1/lib  -fstack-protector -rdynamic -Wl,-export-dynamic     -lssl -lcrypto -Wl,-R/home/deploy/.rbenv/versions/2.2.1/lib -L/home/deploy/.rbenv/versions/2.2.1/lib -lruby-static  -lssl -lcrypto -lpthread -ldl -lcrypt -lm   -lc"
conftest.c: In function ‘t’:
conftest.c:13:57: error: ‘rb_enable_interrupt’ undeclared (first use in this function)
 int t(void) { void ((*volatile p)()); p = (void ((*)()))rb_enable_interrupt; return 0; }
                                                         ^
conftest.c:13:57: note: each undeclared identifier is reported only once for each function it appears in
conftest.c:13:32: warning: variable ‘p’ set but not used [-Wunused-but-set-variable]
 int t(void) { void ((*volatile p)()); p = (void ((*)()))rb_enable_interrupt; return 0; }
                                ^
checked program was:
/* begin */
 1: #include "ruby.h"
 2: 
 3: /*top*/
 4: extern int t(void);
 5: int main(int argc, char **argv)
 6: {
 7:   if (argc > 1000000) {
 8:     printf("%p", &t);
 9:   }
10: 
11:   return 0;
12: }
13: int t(void) { void ((*volatile p)()); p = (void ((*)()))rb_enable_interrupt; return 0; }
/* end */

"gcc -o conftest -I/home/deploy/.rbenv/versions/2.2.1/include/ruby-2.2.0/x86_64-linux -I/home/deploy/.rbenv/versions/2.2.1/include/ruby-2.2.0/ruby/backward -I/home/deploy/.rbenv/versions/2.2.1/include/ruby-2.2.0 -I. -I/home/deploy/.rbenv/versions/2.2.1/include     -O3 -fno-fast-math -ggdb3 -Wall -Wextra -Wno-unused-parameter -Wno-parentheses -Wno-long-long -Wno-missing-field-initializers -Wunused-variable -Wpointer-arith -Wwrite-strings -Wdeclaration-after-statement -Wimplicit-function-declaration -Wdeprecated-declarations -Wno-packed-bitfield-compat conftest.c  -L. -L/home/deploy/.rbenv/versions/2.2.1/lib -Wl,-R/home/deploy/.rbenv/versions/2.2.1/lib -L. -L/home/deploy/.rbenv/versions/2.2.1/lib  -fstack-protector -rdynamic -Wl,-export-dynamic     -lssl -lcrypto -Wl,-R/home/deploy/.rbenv/versions/2.2.1/lib -L/home/deploy/.rbenv/versions/2.2.1/lib -lruby-static  -lssl -lcrypto -lpthread -ldl -lcrypt -lm   -lc"
conftest.c: In function ‘t’:
conftest.c:13:15: warning: implicit declaration of function ‘rb_enable_interrupt’ [-Wimplicit-function-declaration]
 int t(void) { rb_enable_interrupt(); return 0; }
               ^
/tmp/cc2P9d53.o: In function `t':
/home/deploy/peatio/current/vendor/bundle/ruby/2.2.0/gems/eventmachine-1.0.4/ext/conftest.c:13: undefined reference to `rb_enable_interrupt'
collect2: error: ld returned 1 exit status
checked program was:
/* begin */
 1: #include "ruby.h"
 2: 
 3: /*top*/
 4: extern int t(void);
 5: int main(int argc, char **argv)
 6: {
 7:   if (argc > 1000000) {
 8:     printf("%p", &t);
 9:   }
10: 
11:   return 0;
12: }
13: int t(void) { rb_enable_interrupt(); return 0; }
/* end */

--------------------

have_func: checking for rb_time_new()... -------------------- yes

"gcc -o conftest -I/home/deploy/.rbenv/versions/2.2.1/include/ruby-2.2.0/x86_64-linux -I/home/deploy/.rbenv/versions/2.2.1/include/ruby-2.2.0/ruby/backward -I/home/deploy/.rbenv/versions/2.2.1/include/ruby-2.2.0 -I. -I/home/deploy/.rbenv/versions/2.2.1/include     -O3 -fno-fast-math -ggdb3 -Wall -Wextra -Wno-unused-parameter -Wno-parentheses -Wno-long-long -Wno-missing-field-initializers -Wunused-variable -Wpointer-arith -Wwrite-strings -Wdeclaration-after-statement -Wimplicit-function-declaration -Wdeprecated-declarations -Wno-packed-bitfield-compat conftest.c  -L. -L/home/deploy/.rbenv/versions/2.2.1/lib -Wl,-R/home/deploy/.rbenv/versions/2.2.1/lib -L. -L/home/deploy/.rbenv/versions/2.2.1/lib  -fstack-protector -rdynamic -Wl,-export-dynamic     -lssl -lcrypto -Wl,-R/home/deploy/.rbenv/versions/2.2.1/lib -L/home/deploy/.rbenv/versions/2.2.1/lib -lruby-static  -lssl -lcrypto -lpthread -ldl -lcrypt -lm   -lc"
conftest.c: In function ‘t’:
conftest.c:13:32: warning: variable ‘p’ set but not used [-Wunused-but-set-variable]
 int t(void) { void ((*volatile p)()); p = (void ((*)()))rb_time_new; return 0; }
                                ^
checked program was:
/* begin */
 1: #include "ruby.h"
 2: 
 3: /*top*/
 4: extern int t(void);
 5: int main(int argc, char **argv)
 6: {
 7:   if (argc > 1000000) {
 8:     printf("%p", &t);
 9:   }
10: 
11:   return 0;
12: }
13: int t(void) { void ((*volatile p)()); p = (void ((*)()))rb_time_new; return 0; }
/* end */

--------------------

have_header: checking for sys/event.h... -------------------- no

"gcc -E -I/home/deploy/.rbenv/versions/2.2.1/include/ruby-2.2.0/x86_64-linux -I/home/deploy/.rbenv/versions/2.2.1/include/ruby-2.2.0/ruby/backward -I/home/deploy/.rbenv/versions/2.2.1/include/ruby-2.2.0 -I. -I/home/deploy/.rbenv/versions/2.2.1/include     -O3 -fno-fast-math -ggdb3 -Wall -Wextra -Wno-unused-parameter -Wno-parentheses -Wno-long-long -Wno-missing-field-initializers -Wunused-variable -Wpointer-arith -Wwrite-strings -Wdeclaration-after-statement -Wimplicit-function-declaration -Wdeprecated-declarations -Wno-packed-bitfield-compat  conftest.c -o conftest.i"
conftest.c:3:23: fatal error: sys/event.h: No such file or directory
compilation terminated.
checked program was:
/* begin */
1: #include "ruby.h"
2: 
3: #include <sys/event.h>
/* end */

--------------------

have_func: checking for epoll_create() in sys/epoll.h... -------------------- yes

"gcc -o conftest -I/home/deploy/.rbenv/versions/2.2.1/include/ruby-2.2.0/x86_64-linux -I/home/deploy/.rbenv/versions/2.2.1/include/ruby-2.2.0/ruby/backward -I/home/deploy/.rbenv/versions/2.2.1/include/ruby-2.2.0 -I. -I/home/deploy/.rbenv/versions/2.2.1/include     -O3 -fno-fast-math -ggdb3 -Wall -Wextra -Wno-unused-parameter -Wno-parentheses -Wno-long-long -Wno-missing-field-initializers -Wunused-variable -Wpointer-arith -Wwrite-strings -Wdeclaration-after-statement -Wimplicit-function-declaration -Wdeprecated-declarations -Wno-packed-bitfield-compat conftest.c  -L. -L/home/deploy/.rbenv/versions/2.2.1/lib -Wl,-R/home/deploy/.rbenv/versions/2.2.1/lib -L. -L/home/deploy/.rbenv/versions/2.2.1/lib  -fstack-protector -rdynamic -Wl,-export-dynamic     -lssl -lcrypto -Wl,-R/home/deploy/.rbenv/versions/2.2.1/lib -L/home/deploy/.rbenv/versions/2.2.1/lib -lruby-static  -lssl -lcrypto -lpthread -ldl -lcrypt -lm   -lc"
conftest.c: In function ‘t’:
conftest.c:15:32: warning: variable ‘p’ set but not used [-Wunused-but-set-variable]
 int t(void) { void ((*volatile p)()); p = (void ((*)()))epoll_create; return 0; }
                                ^
checked program was:
/* begin */
 1: #include "ruby.h"
 2: 
 3: #include <sys/epoll.h>
 4: 
 5: /*top*/
 6: extern int t(void);
 7: int main(int argc, char **argv)
 8: {
 9:   if (argc > 1000000) {
10:     printf("%p", &t);
11:   }
12: 
13:   return 0;
14: }
15: int t(void) { void ((*volatile p)()); p = (void ((*)()))epoll_create; return 0; }
/* end */

--------------------

"g++ -o conftest -I/home/deploy/.rbenv/versions/2.2.1/include/ruby-2.2.0/x86_64-linux -I/home/deploy/.rbenv/versions/2.2.1/include/ruby-2.2.0/ruby/backward -I/home/deploy/.rbenv/versions/2.2.1/include/ruby-2.2.0 -I. -I/home/deploy/.rbenv/versions/2.2.1/include     -O3 -fno-fast-math -ggdb3 -Wall -Wextra -Wno-unused-parameter -Wno-parentheses -Wno-long-long -Wno-missing-field-initializers -Wunused-variable -Wpointer-arith -Wwrite-strings -Wdeclaration-after-statement -Wimplicit-function-declaration -Wdeprecated-declarations -Wno-packed-bitfield-compat conftest.c  -L. -L/home/deploy/.rbenv/versions/2.2.1/lib -Wl,-R/home/deploy/.rbenv/versions/2.2.1/lib -L. -L/home/deploy/.rbenv/versions/2.2.1/lib  -fstack-protector -rdynamic -Wl,-export-dynamic     -lssl -lcrypto -Wl,-R/home/deploy/.rbenv/versions/2.2.1/lib -L/home/deploy/.rbenv/versions/2.2.1/lib -lruby-static -lstdc++ -lpthread -ldl -lcrypt -lm   -lc"
cc1plus: warning: command line option ‘-Wdeclaration-after-statement’ is valid for C/ObjC but not for C++
cc1plus: warning: command line option ‘-Wimplicit-function-declaration’ is valid for C/ObjC but not for C++
conftest.c: In function ‘int main()’:
conftest.c:5:35: warning: variable ‘tuple’ set but not used [-Wunused-but-set-variable]
   int main(){ pair<const int,int> tuple = make_pair(1,2); }
                                   ^
checked program was:
/* begin */
1: #include "ruby.h"
2: 
3:   #include <utility>
4:   using namespace std;
5:   int main(){ pair<const int,int> tuple = make_pair(1,2); }
/* end */

